<?xml version="1.0" encoding="UTF-8"?>
<!-- Generated by org.testng.reporters.JUnitXMLReporter -->
<testsuite hostname="jokin" name="Test" tests="10" failures="0" timestamp="11 May 2018 10:09:12 GMT" time="0.097" errors="0">
  <testcase name="test3" time="0.014" classname="testcase.TestOther"/>
  <testcase name="test1" time="0.002" classname="testcase.TestOther"/>
  <testcase name="divisionWithException" time="0.003" classname="testcase.TestOther"/>
  <testcase name="runSelenium" time="0.002" classname="testcase.TestngGroup"/>
  <testcase name="runSelenium1" time="0.004" classname="testcase.TestngGroup"/>
  <testcase name="testConnectMsSQL" time="0.003" classname="testcase.TestngGroup"/>
  <testcase name="testConnectOracle" time="0.007" classname="testcase.TestngGroup"/>
  <testcase name="runSelenium4" time="0.002" classname="testcase.TestClassGroup2"/>
  <testcase name="runSelenium5" time="0.002" classname="testcase.TestClassGroup2"/>
  <testcase name="runFinal" time="0.001" classname="testcase.TestngGroup"/>
</testsuite> <!-- Test -->
