<?xml version="1.0" encoding="UTF-8"?>
<testng-results skipped="0" failed="0" total="3" passed="3">
  <reporter-output>
  </reporter-output>
  <suite name="Default suite" duration-ms="39" started-at="2018-05-15T04:23:26Z" finished-at="2018-05-15T04:23:26Z">
    <groups>
    </groups>
    <test name="Default test" duration-ms="39" started-at="2018-05-15T04:23:26Z" finished-at="2018-05-15T04:23:26Z">
      <class name="testcase.TestParameterDataProvider">
        <test-method status="PASS" signature="test(int, int, int)[pri:0, instance:testcase.TestParameterDataProvider@731a74c]" name="test" duration-ms="10" started-at="2018-05-15T12:23:26Z" data-provider="provideNumbers" finished-at="2018-05-15T12:23:26Z">
          <params>
            <param index="0">
              <value>
                <![CDATA[10]]>
              </value>
            </param>
            <param index="1">
              <value>
                <![CDATA[20]]>
              </value>
            </param>
            <param index="2">
              <value>
                <![CDATA[30]]>
              </value>
            </param>
          </params>
          <reporter-output>
          </reporter-output>
        </test-method> <!-- test -->
        <test-method status="PASS" signature="test(int, int, int)[pri:0, instance:testcase.TestParameterDataProvider@731a74c]" name="test" duration-ms="2" started-at="2018-05-15T12:23:26Z" data-provider="provideNumbers" finished-at="2018-05-15T12:23:26Z">
          <params>
            <param index="0">
              <value>
                <![CDATA[100]]>
              </value>
            </param>
            <param index="1">
              <value>
                <![CDATA[110]]>
              </value>
            </param>
            <param index="2">
              <value>
                <![CDATA[111]]>
              </value>
            </param>
          </params>
          <reporter-output>
          </reporter-output>
        </test-method> <!-- test -->
        <test-method status="PASS" signature="test(int, int, int)[pri:0, instance:testcase.TestParameterDataProvider@731a74c]" name="test" duration-ms="3" started-at="2018-05-15T12:23:26Z" data-provider="provideNumbers" finished-at="2018-05-15T12:23:26Z">
          <params>
            <param index="0">
              <value>
                <![CDATA[200]]>
              </value>
            </param>
            <param index="1">
              <value>
                <![CDATA[210]]>
              </value>
            </param>
            <param index="2">
              <value>
                <![CDATA[220]]>
              </value>
            </param>
          </params>
          <reporter-output>
          </reporter-output>
        </test-method> <!-- test -->
      </class> <!-- testcase.TestParameterDataProvider -->
    </test> <!-- Default test -->
  </suite> <!-- Default suite -->
</testng-results>
